c:\users\ufdh\desktop\anti-ransomware\anti-ransomware\x64\debug\vc141.pdb
c:\users\ufdh\desktop\anti-ransomware\anti-ransomware\x64\debug\register_data.obj
c:\users\ufdh\desktop\anti-ransomware\anti-ransomware\x64\debug\parser.obj
c:\users\ufdh\desktop\anti-ransomware\anti-ransomware\x64\debug\minifilter.obj
c:\users\ufdh\desktop\anti-ransomware\anti-ransomware\x64\debug\list.obj
c:\users\ufdh\desktop\anti-ransomware\anti-ransomware\x64\debug\kalloc.obj
c:\users\ufdh\desktop\anti-ransomware\anti-ransomware\x64\debug\filter_commun.obj
c:\users\ufdh\desktop\anti-ransomware\x64\debug\anti-ransomware\anti-ransomware.cat
c:\users\ufdh\desktop\anti-ransomware\x64\debug\anti-ransomware.sys
c:\users\ufdh\desktop\anti-ransomware\x64\debug\anti-ransomware.pdb
c:\users\ufdh\desktop\anti-ransomware\anti-ransomware\x64\debug\anti-ransomware.res
c:\users\ufdh\desktop\anti-ransomware\anti-ransomware\x64\debug\anti-ransomware.inf
c:\users\ufdh\desktop\anti-ransomware\x64\debug\anti-ransomware.cer
c:\users\ufdh\desktop\anti-ransomware\x64\debug\anti-ransomware.inf
c:\users\ufdh\desktop\anti-ransomware\anti-ransomware\x64\debug\anti-ransomware.tlog\cl.command.1.tlog
c:\users\ufdh\desktop\anti-ransomware\anti-ransomware\x64\debug\anti-ransomware.tlog\cl.read.1.tlog
c:\users\ufdh\desktop\anti-ransomware\anti-ransomware\x64\debug\anti-ransomware.tlog\cl.write.1.tlog
c:\users\ufdh\desktop\anti-ransomware\anti-ransomware\x64\debug\anti-ransomware.tlog\inf2cat-expand.1804.read.1.tlog
c:\users\ufdh\desktop\anti-ransomware\anti-ransomware\x64\debug\anti-ransomware.tlog\inf2cat-expand.1804.write.1.tlog
c:\users\ufdh\desktop\anti-ransomware\anti-ransomware\x64\debug\anti-ransomware.tlog\inf2cat-expand.1956.read.1.tlog
c:\users\ufdh\desktop\anti-ransomware\anti-ransomware\x64\debug\anti-ransomware.tlog\inf2cat-expand.1956.write.1.tlog
c:\users\ufdh\desktop\anti-ransomware\anti-ransomware\x64\debug\anti-ransomware.tlog\inf2cat-expand.5776.read.1.tlog
c:\users\ufdh\desktop\anti-ransomware\anti-ransomware\x64\debug\anti-ransomware.tlog\inf2cat-expand.5776.write.1.tlog
c:\users\ufdh\desktop\anti-ransomware\anti-ransomware\x64\debug\anti-ransomware.tlog\inf2cat-expand.read.1.tlog
c:\users\ufdh\desktop\anti-ransomware\anti-ransomware\x64\debug\anti-ransomware.tlog\inf2cat-expand.write.1.tlog
c:\users\ufdh\desktop\anti-ransomware\anti-ransomware\x64\debug\anti-ransomware.tlog\inf2cat.command.1.tlog
c:\users\ufdh\desktop\anti-ransomware\anti-ransomware\x64\debug\anti-ransomware.tlog\inf2cat.read.1.tlog
c:\users\ufdh\desktop\anti-ransomware\anti-ransomware\x64\debug\anti-ransomware.tlog\inf2cat.write.1.tlog
c:\users\ufdh\desktop\anti-ransomware\anti-ransomware\x64\debug\anti-ransomware.tlog\link.command.1.tlog
c:\users\ufdh\desktop\anti-ransomware\anti-ransomware\x64\debug\anti-ransomware.tlog\link.read.1.tlog
c:\users\ufdh\desktop\anti-ransomware\anti-ransomware\x64\debug\anti-ransomware.tlog\link.write.1.tlog
c:\users\ufdh\desktop\anti-ransomware\anti-ransomware\x64\debug\anti-ransomware.tlog\rc.command.1.tlog
c:\users\ufdh\desktop\anti-ransomware\anti-ransomware\x64\debug\anti-ransomware.tlog\rc.read.1.tlog
c:\users\ufdh\desktop\anti-ransomware\anti-ransomware\x64\debug\anti-ransomware.tlog\rc.write.1.tlog
c:\users\ufdh\desktop\anti-ransomware\anti-ransomware\x64\debug\anti-ransomware.tlog\signtool.command.1.tlog
c:\users\ufdh\desktop\anti-ransomware\anti-ransomware\x64\debug\anti-ransomware.tlog\signtool.read.1.tlog
c:\users\ufdh\desktop\anti-ransomware\anti-ransomware\x64\debug\anti-ransomware.tlog\signtool.timestamp.1.tlog
c:\users\ufdh\desktop\anti-ransomware\anti-ransomware\x64\debug\anti-ransomware.tlog\signtool.write.1.tlog
c:\users\ufdh\desktop\anti-ransomware\anti-ransomware\x64\debug\anti-ransomware.tlog\stampinf.command.1.tlog
c:\users\ufdh\desktop\anti-ransomware\anti-ransomware\x64\debug\anti-ransomware.tlog\stampinf.read.1.tlog
c:\users\ufdh\desktop\anti-ransomware\anti-ransomware\x64\debug\anti-ransomware.tlog\stampinf.write.1.tlog
